0 info it worked if it ends with ok
1 verbose cli [ 'C:\\Program Files\\nodejs\\node.exe',
1 verbose cli   'C:\\Users\\dell_innu\\AppData\\Roaming\\npm\\node_modules\\npm\\bin\\npm-cli.js',
1 verbose cli   'run',
1 verbose cli   'startui' ]
2 info using npm@3.10.8
3 info using node@v8.6.0
4 verbose run-script [ 'prestartui', 'startui', 'poststartui' ]
5 info lifecycle nodejsmongo@1.0.1~prestartui: nodejsmongo@1.0.1
6 silly lifecycle nodejsmongo@1.0.1~prestartui: no script for prestartui, continuing
7 info lifecycle nodejsmongo@1.0.1~startui: nodejsmongo@1.0.1
8 verbose lifecycle nodejsmongo@1.0.1~startui: unsafe-perm in lifecycle true
9 verbose lifecycle nodejsmongo@1.0.1~startui: PATH: C:\Users\dell_innu\AppData\Roaming\npm\node_modules\npm\bin\node-gyp-bin;E:\Node Js with MongoDB\node_modules\.bin;C:\Python27\;C:\Python27\Scripts;C:\Program Files (x86)\Common Files\Intel\Shared Libraries\redist\intel64\compiler;C:\ProgramData\Oracle\Java\javapath;C:\Program Files (x86)\Intel\iCLS Client\;C:\Program Files\Intel\iCLS Client\;C:\WINDOWS\system32;C:\WINDOWS;C:\WINDOWS\System32\Wbem;C:\WINDOWS\System32\WindowsPowerShell\v1.0\;c:\Program Files (x86)\ATI Technologies\ATI.ACE\Core-Static;C:\Program Files (x86)\Intel\Intel(R) Management Engine Components\DAL;C:\Program Files\Intel\Intel(R) Management Engine Components\DAL;C:\Program Files (x86)\Intel\Intel(R) Management Engine Components\IPT;C:\Program Files\Intel\Intel(R) Management Engine Components\IPT;C:\Program Files\Microsoft SQL Server\120\DTS\Binn\;C:\Program Files\Microsoft SQL Server\Client SDK\ODBC\110\Tools\Binn\;C:\Program Files (x86)\Microsoft SQL Server\120\Tools\Binn\;C:\Program Files\Microsoft SQL Server\120\Tools\Binn\;C:\Program Files (x86)\Microsoft SQL Server\120\Tools\Binn\ManagementStudio\;C:\Program Files (x86)\Microsoft SQL Server\120\DTS\Binn\;C:\Program Files\TortoiseGit\bin;C:\Program Files\Microsoft SQL Server\130\Tools\Binn\;C:\Program Files\Microsoft\Web Platform Installer\;C:\Users\dell_innu\AppData\Roaming\npm;C:\Program Files (x86)\QuickTime\QTSystem\;C:\Program Files (x86)\Brackets\command;C:\xampp\php;C:\ProgramData\ComposerSetup\bin;C:\Program Files (x86)\Microsoft ASP.NET\ASP.NET Web Pages\v1.0\;C:\Program Files\Microsoft SQL Server\110\Tools\Binn\;C:\Program Files\MongoDB\Server\3.2\bin;C:\Users\dell_innu\AppData\Local\Android\sdk\platform-tools;C:\Program Files\Java\jdk1.8.0_101\bin;C:\Program Files (x86)\Skype\Phone\;C:\Program Files\IBM\SPSS\Statistics\23\JRE\bin;C:\Python27;C:\Go\bin;C:\Program Files\dotnet\;C:\Program Files\Git\cmd;C:\Program Files\Java\jre1.8.0_131\;C:\Program Files\Java\jre1.8.0_131\bin\;C:\Program Files (x86)\Yarn\bin;C:\Program Files\Intel\WiFi\bin\;C:\Program Files\Common Files\Intel\WirelessCommon\;C:\ProgramData\chocolatey\bin;C:\Program Files\nodejs\;C:\Program Files\Java\jdk1.8.0_144\bin;C:\RailsInstaller\Git\cmd;C:\RailsInstaller\Ruby2.2.0\bin;C:\Ruby23-x64\bin;C:\Program Files (x86)\Microsoft VS Code\bin;C:\Users\dell_innu\AppData\Local\Microsoft\WindowsApps;C:\Users\dell_innu\AppData\Roaming\Composer\vendor\bin;C:\Users\dell_innu\AppData\Local\Yarn\bin;C:\Program Files\Intel\WiFi\bin\;C:\Program Files\Common Files\Intel\WirelessCommon\;C:\Users\dell_innu\AppData\Roaming\npm
10 verbose lifecycle nodejsmongo@1.0.1~startui: CWD: E:\Node Js with MongoDB
11 silly lifecycle nodejsmongo@1.0.1~startui: Args: [ '/d /s /c', 'webpack && webpack-dev-server' ]
12 silly lifecycle nodejsmongo@1.0.1~startui: Returned: code: 2  signal: null
13 info lifecycle nodejsmongo@1.0.1~startui: Failed to exec startui script
14 verbose stack Error: nodejsmongo@1.0.1 startui: `webpack && webpack-dev-server`
14 verbose stack Exit status 2
14 verbose stack     at EventEmitter.<anonymous> (C:\Users\dell_innu\AppData\Roaming\npm\node_modules\npm\lib\utils\lifecycle.js:255:16)
14 verbose stack     at emitTwo (events.js:125:13)
14 verbose stack     at EventEmitter.emit (events.js:213:7)
14 verbose stack     at ChildProcess.<anonymous> (C:\Users\dell_innu\AppData\Roaming\npm\node_modules\npm\lib\utils\spawn.js:40:14)
14 verbose stack     at emitTwo (events.js:125:13)
14 verbose stack     at ChildProcess.emit (events.js:213:7)
14 verbose stack     at maybeClose (internal/child_process.js:927:16)
14 verbose stack     at Process.ChildProcess._handle.onexit (internal/child_process.js:211:5)
15 verbose pkgid nodejsmongo@1.0.1
16 verbose cwd E:\Node Js with MongoDB
17 error Windows_NT 10.0.15063
18 error argv "C:\\Program Files\\nodejs\\node.exe" "C:\\Users\\dell_innu\\AppData\\Roaming\\npm\\node_modules\\npm\\bin\\npm-cli.js" "run" "startui"
19 error node v8.6.0
20 error npm  v3.10.8
21 error code ELIFECYCLE
22 error nodejsmongo@1.0.1 startui: `webpack && webpack-dev-server`
22 error Exit status 2
23 error Failed at the nodejsmongo@1.0.1 startui script 'webpack && webpack-dev-server'.
23 error Make sure you have the latest version of node.js and npm installed.
23 error If you do, this is most likely a problem with the nodejsmongo package,
23 error not with npm itself.
23 error Tell the author that this fails on your system:
23 error     webpack && webpack-dev-server
23 error You can get information on how to open an issue for this project with:
23 error     npm bugs nodejsmongo
23 error Or if that isn't available, you can get their info via:
23 error     npm owner ls nodejsmongo
23 error There is likely additional logging output above.
24 verbose exit [ 1, true ]
